<?xml version="1.0" encoding="UTF-8"?>
<!-- Generated by org.testng.reporters.JUnitXMLReporter -->
<testsuite hostname="DESKTOP-UCTHKBP" ignored="0" name="Surefire test" tests="6" failures="0" timestamp="16 Aug 2019 13:05:15 GMT" time="0.14" errors="0">
  <testcase name="IosApps" time="0.015" classname="superdrug.AppiumTest"/>
  <testcase name="NativeAppAndroid" time="0.0" classname="superdrug.AppiumTest"/>
  <testcase name="PostJira" time="0.0" classname="superdrug.RestAPITest"/>
  <testcase name="deleteTwitter" time="0.0" classname="superdrug.RestAPITest"/>
  <testcase name="BrowserAutomation" time="0.0" classname="superdrug.SeleniumTest"/>
  <testcase name="ElementsUI" time="0.0" classname="superdrug.SeleniumTest"/>
</testsuite> <!-- Surefire test -->
