<?xml version="1.0" encoding="UTF-8"?>
<testng-results skipped="0" failed="0" ignored="0" total="6" passed="6">
  <reporter-output>
  </reporter-output>
  <suite name="Surefire suite" duration-ms="140" started-at="2019-08-16T13:05:14Z" finished-at="2019-08-16T13:05:15Z">
    <groups>
    </groups>
    <test name="Surefire test" duration-ms="140" started-at="2019-08-16T13:05:14Z" finished-at="2019-08-16T13:05:15Z">
      <class name="superdrug.SeleniumTest">
        <test-method status="PASS" signature="BrowserAutomation()[pri:0, instance:superdrug.SeleniumTest@531be3c5]" name="BrowserAutomation" duration-ms="0" started-at="2019-08-16T13:05:15Z" finished-at="2019-08-16T13:05:15Z">
          <reporter-output>
          </reporter-output>
        </test-method> <!-- BrowserAutomation -->
        <test-method status="PASS" signature="ElementsUI()[pri:0, instance:superdrug.SeleniumTest@531be3c5]" name="ElementsUI" duration-ms="0" started-at="2019-08-16T13:05:15Z" finished-at="2019-08-16T13:05:15Z">
          <reporter-output>
          </reporter-output>
        </test-method> <!-- ElementsUI -->
      </class> <!-- superdrug.SeleniumTest -->
      <class name="superdrug.RestAPITest">
        <test-method status="PASS" signature="PostJira()[pri:0, instance:superdrug.RestAPITest@3551a94]" name="PostJira" duration-ms="0" started-at="2019-08-16T13:05:15Z" finished-at="2019-08-16T13:05:15Z">
          <reporter-output>
          </reporter-output>
        </test-method> <!-- PostJira -->
        <test-method status="PASS" signature="deleteTwitter()[pri:0, instance:superdrug.RestAPITest@3551a94]" name="deleteTwitter" duration-ms="0" started-at="2019-08-16T13:05:15Z" finished-at="2019-08-16T13:05:15Z">
          <reporter-output>
          </reporter-output>
        </test-method> <!-- deleteTwitter -->
      </class> <!-- superdrug.RestAPITest -->
      <class name="superdrug.AppiumTest">
        <test-method status="PASS" signature="IosApps()[pri:0, instance:superdrug.AppiumTest@5a61f5df]" name="IosApps" duration-ms="15" started-at="2019-08-16T13:05:15Z" finished-at="2019-08-16T13:05:15Z">
          <reporter-output>
          </reporter-output>
        </test-method> <!-- IosApps -->
        <test-method status="PASS" signature="NativeAppAndroid()[pri:0, instance:superdrug.AppiumTest@5a61f5df]" name="NativeAppAndroid" duration-ms="0" started-at="2019-08-16T13:05:15Z" finished-at="2019-08-16T13:05:15Z">
          <reporter-output>
          </reporter-output>
        </test-method> <!-- NativeAppAndroid -->
      </class> <!-- superdrug.AppiumTest -->
    </test> <!-- Surefire test -->
  </suite> <!-- Surefire suite -->
</testng-results>
